<?xml version="1.0" encoding="UTF-8"?>
<!-- Generated by org.testng.reporters.JUnitReportReporter -->
<testsuite hostname="DESKTOP-MRS77HI" failures="0" tests="1" name="OliveTestNg.IbpsPoTestNgClass" time="19.346" errors="0" timestamp="2023-10-13T13:53:10 IST" skipped="0">
  <testcase classname="OliveTestNg.IbpsPoTestNgClass" name="IbpspoValidation" time="19.346"/>
</testsuite> <!-- OliveTestNg.IbpsPoTestNgClass -->
