<?xml version="1.0" encoding="UTF-8"?>
<!-- Generated by org.testng.reporters.JUnitReportReporter -->
<testsuite hostname="DESKTOP-MRS77HI" failures="0" tests="4" name="OliveTestNg.ValidatingTestNgClass" time="62.459" errors="0" timestamp="2023-09-25T15:09:25 IST" skipped="0">
  <testcase classname="OliveTestNg.ValidatingTestNgClass" name="SbipoValidation" time="16.737"/>
  <testcase classname="OliveTestNg.ValidatingTestNgClass" name="Ssccgl" time="8.997"/>
  <testcase classname="OliveTestNg.ValidatingTestNgClass" name="SaltEntranceExam" time="22.685"/>
  <testcase classname="OliveTestNg.ValidatingTestNgClass" name="IbpspoValidation" time="14.040"/>
</testsuite> <!-- OliveTestNg.ValidatingTestNgClass -->
