<?xml version="1.0" encoding="UTF-8"?>
<!-- Generated by org.testng.reporters.JUnitReportReporter -->
<testsuite hostname="DESKTOP-MRS77HI" failures="0" tests="1" name="OliveTestNg.SbiPoTestNgClass" time="13.712" errors="0" timestamp="2023-10-13T14:10:02 IST" skipped="0">
  <testcase classname="OliveTestNg.SbiPoTestNgClass" name="SbipoValidation" time="13.712"/>
</testsuite> <!-- OliveTestNg.SbiPoTestNgClass -->
