<?xml version="1.0" encoding="UTF-8"?>
<!-- Generated by org.testng.reporters.JUnitReportReporter -->
<testsuite hostname="DESKTOP-MRS77HI" failures="0" tests="1" name="OliveTestNg.SscTestNgClass" time="22.331" errors="0" timestamp="2023-10-13T13:51:16 IST" skipped="0">
  <testcase classname="OliveTestNg.SscTestNgClass" name="Ssccgl" time="22.331"/>
</testsuite> <!-- OliveTestNg.SscTestNgClass -->
