<?xml version="1.0" encoding="UTF-8"?>
<!-- Generated by org.testng.reporters.JUnitReportReporter -->
<testsuite hostname="DESKTOP-MRS77HI" failures="0" tests="1" name="TestNgPack.JoinForFreeValidation" time="4.537" errors="0" timestamp="2023-10-13T09:54:43 IST" skipped="0">
  <testcase classname="TestNgPack.JoinForFreeValidation" name="joinFreeTabCheck" time="4.537"/>
</testsuite> <!-- TestNgPack.JoinForFreeValidation -->
