<?xml version="1.0" encoding="UTF-8"?>
<!-- Generated by org.testng.reporters.JUnitReportReporter -->
<testsuite hostname="DESKTOP-MRS77HI" failures="0" tests="3" name="TestNgPack.UnacademValidation" time="39.231" errors="0" timestamp="2023-09-28T15:04:26 IST" skipped="0">
  <testcase classname="TestNgPack.UnacademValidation" name="takeATest" time="19.591"/>
  <testcase classname="TestNgPack.UnacademValidation" name="otherCourses" time="13.351"/>
  <testcase classname="TestNgPack.UnacademValidation" name="joinFreeTabCheck" time="6.289"/>
</testsuite> <!-- TestNgPack.UnacademValidation -->
