<?xml version="1.0" encoding="UTF-8"?>
<!-- Generated by org.testng.reporters.JUnitReportReporter -->
<testsuite hostname="DESKTOP-MRS77HI" failures="0" tests="2" name="TestNgPack.CompeteValidation" time="13.070" errors="0" timestamp="2023-10-13T13:17:30 IST" skipped="0">
  <testcase classname="TestNgPack.CompeteValidation" name="competeTab" time="9.125"/>
  <testcase classname="TestNgPack.CompeteValidation" name="joinFreeTabCheck" time="3.945"/>
</testsuite> <!-- TestNgPack.CompeteValidation -->
