<?xml version="1.0" encoding="UTF-8"?>
<!-- Generated by org.testng.reporters.JUnitReportReporter -->
<testsuite hostname="DESKTOP-MRS77HI" failures="0" tests="1" name="TestNgClass.ProfileClass" time="22.465" errors="0" timestamp="2023-10-15T14:18:14 IST" skipped="0">
  <testcase classname="TestNgClass.ProfileClass" name="Profile" time="22.465"/>
</testsuite> <!-- TestNgClass.ProfileClass -->
