<?xml version="1.0" encoding="UTF-8"?>
<!-- Generated by org.testng.reporters.JUnitReportReporter -->
<testsuite hostname="DESKTOP-MRS77HI" failures="0" tests="4" name="TestNGPack.AmazonNg" time="66.295" errors="0" timestamp="2023-10-15T19:14:19 IST" skipped="0">
  <testcase classname="TestNGPack.AmazonNg" name="test4" time="11.049"/>
  <testcase classname="TestNGPack.AmazonNg" name="test1" time="24.557"/>
  <testcase classname="TestNGPack.AmazonNg" name="test1" time="17.005"/>
  <testcase classname="TestNGPack.AmazonNg" name="test4" time="13.684"/>
</testsuite> <!-- TestNGPack.AmazonNg -->
