<?xml version="1.0" encoding="UTF-8"?>
<!-- Generated by org.testng.reporters.JUnitReportReporter -->
<testsuite hostname="DESKTOP-MRS77HI" failures="0" tests="1" name="TestNGPack.MobileOnHomePage" time="14.728" errors="0" timestamp="2023-09-29T13:14:33 IST" skipped="0">
  <testcase classname="TestNGPack.MobileOnHomePage" name="BestSellerBook" time="14.728"/>
</testsuite> <!-- TestNGPack.MobileOnHomePage -->
