<?xml version="1.0" encoding="UTF-8"?>
<!-- Generated by org.testng.reporters.JUnitReportReporter -->
<testsuite hostname="DESKTOP-MRS77HI" failures="0" tests="1" name="TestNGPack.DemoProject3" time="0.012" errors="0" timestamp="2023-10-10T08:25:49 IST" skipped="0">
  <testcase classname="TestNGPack.DemoProject3" name="test" time="0.012"/>
</testsuite> <!-- TestNGPack.DemoProject3 -->
