<?xml version="1.0" encoding="UTF-8"?>
<!-- Generated by org.testng.reporters.JUnitReportReporter -->
<testsuite hostname="DESKTOP-MRS77HI" failures="0" tests="1" name="TestNGPack.DemoProject" time="0.019" errors="0" timestamp="2023-10-09T12:57:55 IST" skipped="0">
  <testcase classname="TestNGPack.DemoProject" name="test" time="0.019"/>
</testsuite> <!-- TestNGPack.DemoProject -->
