<?xml version="1.0" encoding="UTF-8"?>
<!-- Generated by org.testng.reporters.JUnitReportReporter -->
<testsuite hostname="DESKTOP-MRS77HI" failures="0" tests="1" name="TestNGPack.DemoProject2" time="0.027" errors="0" timestamp="2023-10-10T08:25:49 IST" skipped="0">
  <testcase classname="TestNGPack.DemoProject2" name="test" time="0.027"/>
</testsuite> <!-- TestNGPack.DemoProject2 -->
