<?xml version="1.0" encoding="UTF-8"?>
<!-- Generated by org.testng.reporters.JUnitReportReporter -->
<testsuite hostname="DESKTOP-MRS77HI" failures="0" tests="2" name="TestNgadda.FooterElement" time="42.990" errors="0" timestamp="2023-10-16T12:56:37 IST" skipped="0">
  <testcase classname="TestNgadda.FooterElement" name="EbookOnFooter" time="17.142"/>
  <testcase classname="TestNgadda.FooterElement" name="EbookOnFooter" time="25.848"/>
</testsuite> <!-- TestNgadda.FooterElement -->
