<?xml version="1.0" encoding="UTF-8"?>
<!-- Generated by org.testng.reporters.JUnitReportReporter -->
<testsuite hostname="DESKTOP-MRS77HI" failures="0" tests="1" name="TestPack.testNG" time="0.009" errors="0" timestamp="2023-09-14T12:52:17 IST" skipped="0">
  <testcase classname="TestPack.testNG" name="test" time="0.009"/>
</testsuite> <!-- TestPack.testNG -->
